Using pre-set license
Built from '2021.1/release' branch; Version is '2021.1.4f1 (4cd64a618c1b) revision 5035594'; Using compiler version '192528614'; Build Type 'Release'
OS: 'Windows 10 Pro; OS build 18363.1440; Version 1909; 64bit' Language: 'tr' Physical Memory: 16250 MB
BatchMode: 1, IsHumanControllingUs: 0, StartBugReporterOnCrash: 0, Is64bit: 1, IsPro: 0

 COMMAND LINE ARGUMENTS:
C:\Program Files\UnityVVersionssss\2021.1.4f1\Editor\Unity.exe
-adb2
-batchMode
-noUpm
-name
AssetImportWorker0
-projectPath
C:/Users/DELL/Desktop/Fill In 3D Clone
-logFile
Logs/AssetImportWorker0.log
-srvPort
60942
Successfully changed project path to: C:/Users/DELL/Desktop/Fill In 3D Clone
C:/Users/DELL/Desktop/Fill In 3D Clone
Using Asset Import Pipeline V2.
Refreshing native plugins compatible for Editor in 129.72 ms, found 1 plugins.
Preloading 0 native plugins for Editor in 0.00 ms.
Initialize engine version: 2021.1.4f1 (4cd64a618c1b)
[Subsystems] Discovering subsystems at path C:/Program Files/UnityVVersionssss/2021.1.4f1/Editor/Data/Resources/UnitySubsystems
[Subsystems] Discovering subsystems at path C:/Users/DELL/Desktop/Fill In 3D Clone/Assets
GfxDevice: creating device client; threaded=0; jobified=0
Direct3D:
    Version:  Direct3D 11.0 [level 11.1]
    Renderer: NVIDIA GeForce GTX 1050 Ti (ID=0x1c8c)
    Vendor:   NVIDIA
    VRAM:     4018 MB
    Driver:   27.21.14.5167
Initialize mono
Mono path[0] = 'C:/Program Files/UnityVVersionssss/2021.1.4f1/Editor/Data/Managed'
Mono path[1] = 'C:/Program Files/UnityVVersionssss/2021.1.4f1/Editor/Data/MonoBleedingEdge/lib/mono/unityjit'
Mono config path = 'C:/Program Files/UnityVVersionssss/2021.1.4f1/Editor/Data/MonoBleedingEdge/etc'
Using monoOptions --debugger-agent=transport=dt_socket,embedding=1,server=y,suspend=n,address=127.0.0.1:56572
Begin MonoManager ReloadAssembly
Registering precompiled unity dll's ...
Register platform support module: C:/Program Files/UnityVVersionssss/2021.1.4f1/Editor/Data/PlaybackEngines/WindowsStandaloneSupport/UnityEditor.WindowsStandalone.Extensions.dll
Registered in 0.002595 seconds.
Native extension for WindowsStandalone target not found
Refreshing native plugins compatible for Editor in 152.00 ms, found 1 plugins.
Preloading 0 native plugins for Editor in 0.00 ms.
Mono: successfully reloaded assembly
- Completed reload, in  3.670 seconds
Platform modules already initialized, skipping
Registering precompiled user dll's ...
Registered in 0.006892 seconds.
Begin MonoManager ReloadAssembly
Native extension for WindowsStandalone target not found
Refreshing native plugins compatible for Editor in 0.74 ms, found 1 plugins.
Preloading 0 native plugins for Editor in 0.00 ms.
Mono: successfully reloaded assembly
- Completed reload, in  1.639 seconds
Platform modules already initialized, skipping
========================================================================
Worker process is ready to serve import requests
Launched and connected shader compiler UnityShaderCompiler.exe after 0.09 seconds
Refreshing native plugins compatible for Editor in 0.78 ms, found 1 plugins.
Preloading 0 native plugins for Editor in 0.00 ms.
Unloading 2674 Unused Serialized files (Serialized files now loaded: 0)
System memory in use before: 98.6 MB.
System memory in use after: 98.7 MB.

Unloading 15 unused Assets to reduce memory usage. Loaded Objects now: 3127.
Total: 2.384000 ms (FindLiveObjects: 0.212200 ms CreateObjectMapping: 0.180400 ms MarkObjects: 1.895200 ms  DeleteObjects: 0.095400 ms)

========================================================================
Received Import Request.
  path: Assets/Scripts
  artifactKey: Guid(b5253b8f6c1da1d4a87e90f817346250) Importer(815301076,1909f56bfc062723c751e8b465ee728b)
Start importing Assets/Scripts using Guid(b5253b8f6c1da1d4a87e90f817346250) Importer(815301076,1909f56bfc062723c751e8b465ee728b)  -> (artifact id: '8e9315a95a5fdcea49bb24fc432a2aa0') in 0.007721 seconds 
========================================================================
Received Prepare
Registering precompiled user dll's ...
Registered in 0.003723 seconds.
Begin MonoManager ReloadAssembly
Native extension for WindowsStandalone target not found
Refreshing native plugins compatible for Editor in 0.59 ms, found 1 plugins.
Preloading 0 native plugins for Editor in 0.00 ms.
Mono: successfully reloaded assembly
- Completed reload, in  1.242 seconds
Platform modules already initialized, skipping
Refreshing native plugins compatible for Editor in 1.04 ms, found 1 plugins.
Preloading 0 native plugins for Editor in 0.00 ms.
Unloading 2668 Unused Serialized files (Serialized files now loaded: 0)
System memory in use before: 98.5 MB.
System memory in use after: 98.7 MB.

Unloading 11 unused Assets to reduce memory usage. Loaded Objects now: 3129.
Total: 4.292400 ms (FindLiveObjects: 0.286300 ms CreateObjectMapping: 0.354900 ms MarkObjects: 3.572200 ms  DeleteObjects: 0.076300 ms)

========================================================================
Received Import Request.
  Time since last request: 29.144834 seconds.
  path: Assets/Prefabs
  artifactKey: Guid(927e0cf45e22cbc40b3c37448a4790db) Importer(815301076,1909f56bfc062723c751e8b465ee728b)
Start importing Assets/Prefabs using Guid(927e0cf45e22cbc40b3c37448a4790db) Importer(815301076,1909f56bfc062723c751e8b465ee728b)  -> (artifact id: '84b33583a12ba451d01fa40e17cf6444') in 0.007542 seconds 
========================================================================
Received Import Request.
  Time since last request: 7.406808 seconds.
  path: Assets/Materials
  artifactKey: Guid(7d9bdad211b56844db6de6f337f9e8aa) Importer(815301076,1909f56bfc062723c751e8b465ee728b)
Start importing Assets/Materials using Guid(7d9bdad211b56844db6de6f337f9e8aa) Importer(815301076,1909f56bfc062723c751e8b465ee728b)  -> (artifact id: '9968a2047f247e654d8b3ee5384d2297') in 0.004317 seconds 
========================================================================
Received Import Request.
  Time since last request: 5.145976 seconds.
  path: Assets/GameUI.cs
  artifactKey: Guid(4d7aa34cff8d8334e8ac7956ac5198e9) Importer(815301076,1909f56bfc062723c751e8b465ee728b)
Start importing Assets/GameUI.cs using Guid(4d7aa34cff8d8334e8ac7956ac5198e9) Importer(815301076,1909f56bfc062723c751e8b465ee728b)  -> (artifact id: 'ffcba068d58ea0c48744fccccb167f67') in 0.038874 seconds 
========================================================================
Received Prepare
Registering precompiled user dll's ...
Registered in 0.005311 seconds.
Begin MonoManager ReloadAssembly
Native extension for WindowsStandalone target not found
Refreshing native plugins compatible for Editor in 1.03 ms, found 1 plugins.
Preloading 0 native plugins for Editor in 0.00 ms.
Mono: successfully reloaded assembly
- Completed reload, in  1.292 seconds
Platform modules already initialized, skipping
Refreshing native plugins compatible for Editor in 0.59 ms, found 1 plugins.
Preloading 0 native plugins for Editor in 0.00 ms.
Unloading 2668 Unused Serialized files (Serialized files now loaded: 0)
System memory in use before: 98.6 MB.
System memory in use after: 98.8 MB.

Unloading 10 unused Assets to reduce memory usage. Loaded Objects now: 3132.
Total: 4.574300 ms (FindLiveObjects: 0.535400 ms CreateObjectMapping: 0.383700 ms MarkObjects: 3.591000 ms  DeleteObjects: 0.061500 ms)

========================================================================
Received Import Request.
  Time since last request: 13.617738 seconds.
  path: Assets/LevelManager.cs
  artifactKey: Guid(1115d54239277d24391e926362ce80ea) Importer(815301076,1909f56bfc062723c751e8b465ee728b)
Start importing Assets/LevelManager.cs using Guid(1115d54239277d24391e926362ce80ea) Importer(815301076,1909f56bfc062723c751e8b465ee728b)  -> (artifact id: 'deaf2ba2634eda524c56bfebf9919d86') in 0.008043 seconds 
========================================================================
Received Prepare
Registering precompiled user dll's ...
Registered in 0.003600 seconds.
Begin MonoManager ReloadAssembly
Native extension for WindowsStandalone target not found
Refreshing native plugins compatible for Editor in 0.60 ms, found 1 plugins.
Preloading 0 native plugins for Editor in 0.00 ms.
Mono: successfully reloaded assembly
- Completed reload, in  1.069 seconds
Platform modules already initialized, skipping
Refreshing native plugins compatible for Editor in 0.54 ms, found 1 plugins.
Preloading 0 native plugins for Editor in 0.00 ms.
Unloading 2668 Unused Serialized files (Serialized files now loaded: 0)
System memory in use before: 98.6 MB.
System memory in use after: 98.8 MB.

Unloading 10 unused Assets to reduce memory usage. Loaded Objects now: 3135.
Total: 3.142800 ms (FindLiveObjects: 0.315500 ms CreateObjectMapping: 0.211500 ms MarkObjects: 2.562400 ms  DeleteObjects: 0.051900 ms)

========================================================================
Received Import Request.
  Time since last request: 23.038988 seconds.
  path: Assets/Scenes/Game.unity
  artifactKey: Guid(9fc0d4010bbf28b4594072e72b8655ab) Importer(815301076,1909f56bfc062723c751e8b465ee728b)
Start importing Assets/Scenes/Game.unity using Guid(9fc0d4010bbf28b4594072e72b8655ab) Importer(815301076,1909f56bfc062723c751e8b465ee728b)  -> (artifact id: '0d22c357cbc47c3c2faa01ebad5b2c71') in 0.015816 seconds 
========================================================================
Received Prepare
Registering precompiled user dll's ...
Registered in 0.005212 seconds.
Begin MonoManager ReloadAssembly
Native extension for WindowsStandalone target not found
Refreshing native plugins compatible for Editor in 0.53 ms, found 1 plugins.
Preloading 0 native plugins for Editor in 0.00 ms.
Mono: successfully reloaded assembly
- Completed reload, in  1.164 seconds
Platform modules already initialized, skipping
Refreshing native plugins compatible for Editor in 0.68 ms, found 1 plugins.
Preloading 0 native plugins for Editor in 0.00 ms.
Unloading 2668 Unused Serialized files (Serialized files now loaded: 0)
System memory in use before: 98.6 MB.
System memory in use after: 98.8 MB.

Unloading 10 unused Assets to reduce memory usage. Loaded Objects now: 3138.
Total: 2.338400 ms (FindLiveObjects: 0.292100 ms CreateObjectMapping: 0.135600 ms MarkObjects: 1.819700 ms  DeleteObjects: 0.090000 ms)

AssetImportWorkerClient::OnTransportError - code=2 error=End of file
